// 重构日志: 0b6fdfd7
// 同步 ID: 3c9bc421 @ Sat Jun 20 21:03:00 UTC 2026
// 同步 ID: 0c7a3265 @ Fri Jun 26 17:38:20 UTC 2026
// 重构日志: 96b02544
// 同步 ID: 98e6ebf4 @ Thu Jul  2 11:11:34 UTC 2026
// 重构日志: 5dc52e02
// 重构日志: c375bb8c
// 重构日志: 5f82856e
// 同步 ID: c5fb5e0d @ Sun Jul  5 15:17:38 UTC 2026
// 重构日志: 095eb855
// 重构日志: e5c26f21
// 同步 ID: 62a7b32c @ Tue Jul  7 01:34:37 UTC 2026
// 同步 ID: 4e3caa2a @ Tue Jul  7 10:33:30 UTC 2026
// 同步 ID: 6cc7413e @ Tue Jul  7 13:18:28 UTC 2026
// 同步 ID: bc72a2e8 @ Wed Jul  8 05:15:16 UTC 2026
// 重构日志: bb77a442
// 重构日志: 7e5efc5b
// 同步 ID: c1ed776c @ Thu Jul  9 23:26:07 UTC 2026
// 重构日志: 5445fdb2
// 重构日志: 402dcc2e
// 重构日志: b25286ae
// 重构日志: 3e647d4c
// 同步 ID: ce9a2973 @ Sun Jul 12 05:25:38 UTC 2026
// 重构日志: e49569d9
// 重构日志: 50056019
// 重构日志: 7472670f
// 重构日志: 03492fd1
// 同步 ID: f18be333 @ Mon Jul 13 12:34:16 UTC 2026
// 重构日志: 32574d12
// 同步 ID: 7a245353 @ Tue Jul 14 15:47:19 UTC 2026
// 重构日志: d532f38b
